[2025-04-30 20:30:40] INFO: 🚀 Воркер запущен
[2025-04-30 20:32:12] INFO: 🚀 Воркер запущен
[2025-04-30 20:33:12] INFO: 🚀 Воркер запущен
[2025-04-30 20:33:12] INFO: 📥 Найдена задача ID=1
[2025-04-30 20:33:13] INFO: [Task 1] ⚠️ Машины не найдены или все ниже порога
[2025-04-30 20:33:13] INFO: 📥 Найдена задача ID=2
[2025-04-30 20:33:13] INFO: [Task 2] ⚠️ Машины не найдены или все ниже порога
[2025-04-30 20:33:13] INFO: 📥 Найдена задача ID=3
[2025-04-30 20:33:13] INFO: [Task 3] ✅ Успешно: 6 машин, 6.0% заполнено, за 0.05s
[2025-04-30 23:27:00] INFO: 🚀 Воркер запущен
[2025-04-30 23:27:01] INFO: 📥 Найдена задача ID=1
[2025-04-30 23:27:01] INFO: [Task 1] ✅ Успешно: 2 занятых мест, 2.0% заполнено, за 0.78s
[2025-04-30 23:27:01] INFO: 📥 Найдена задача ID=2
[2025-04-30 23:27:01] INFO: [Task 2] ✅ Успешно: 2 занятых мест, 2.0% заполнено, за 0.05s
[2025-04-30 23:27:01] INFO: 📥 Найдена задача ID=3
[2025-04-30 23:27:01] INFO: [Task 3] ✅ Успешно: 9 занятых мест, 9.0% заполнено, за 0.05s
[2025-04-30 23:30:28] INFO: 🚀 Воркер запущен
[2025-04-30 23:30:28] INFO: 📥 Найдена задача ID=1
[2025-04-30 23:30:29] INFO: [Task 1] ✅ Успешно: 2/5 мест занято, 40.0% заполнено, за 0.72s
[2025-04-30 23:30:29] INFO: 📥 Найдена задача ID=2
[2025-04-30 23:30:29] INFO: [Task 2] ✅ Успешно: 2/5 мест занято, 40.0% заполнено, за 0.05s
[2025-04-30 23:30:29] INFO: 📥 Найдена задача ID=3
[2025-04-30 23:30:29] INFO: [Task 3] ✅ Успешно: 9/10 мест занято, 90.0% заполнено, за 0.05s
